Arguments: 
  C:\Program Files\nodejs\node.exe C:\Program Files (x86)\Yarn\bin\yarn.js publish

PATH: 
  C:\Users\jheme\bin;C:\Program Files\Git\mingw64\bin;C:\Program Files\Git\usr\local\bin;C:\Program Files\Git\usr\bin;C:\Program Files\Git\usr\bin;C:\Program Files\Git\mingw64\bin;C:\Program Files\Git\usr\bin;C:\Users\jheme\bin;C:\Python27;C:\Python27\Scripts;C:\Program Files (x86)\Razer\ChromaBroadcast\bin;C:\Program Files\Razer\ChromaBroadcast\bin;C:\Program Files (x86)\Razer Chroma SDK\bin;C:\Program Files\Razer Chroma SDK\bin;C:\Program Files (x86)\Common Files\Intel\Shared Libraries\redist\intel64_win\compiler;C:\WINDOWS\system32;C:\WINDOWS;C:\WINDOWS\System32\Wbem;C:\WINDOWS\System32\WindowsPowerShell\v1.0;C:\WINDOWS\System32\OpenSSH;C:\ProgramData\chocolatey\bin;C:\Program Files (x86)\Yarn\bin;C:\Program Files\Java\jdk1.8.0_221\bin;C:\Users\jheme\AppData\Local\Microsoft\WindowsApps;C:\Users\jheme\AppData\Local\Yarn\bin;C:\Users\jheme\AppData\Local\Programs\Microsoft VS Code\bin;C:\Users\jheme\AppData\Roaming\npm;C:\Program Files\Microsoft SQL Server\120\Tools\Binn;C:\Program Files\Common Files\Autodesk Shared;C:\Users\jheme\AppData\Local\GitHubDesktop\bin;C:\Users\jheme\AppData\Local\Programs\Python\Python38-32\Scripts;C:\Users\jheme\AppData\Local\Programs\Python\Python38-32;C:\Users\jheme\AppData\Local\Programs\Python\Python38-32\Scripts;C:\WINDOWS\system32;C:\WINDOWS;C:\WINDOWS\System32\Wbem;C:\WINDOWS\System32\WindowsPowerShell\v1.0;C:\WINDOWS\System32\OpenSSH;C:\Users\jheme\AppData\Local\Microsoft\WindowsApps;C:\Program Files\PuTTY;C:\Program Files\NVIDIA Corporation\NVIDIA NvDLISR;C:\Program Files\Microsoft SQL Server\150\Tools\Binn;C:\Program Files\Docker\Docker\resources\bin;C:\ProgramData\DockerDesktop\version-bin;C:\Program Files\OpenJDK\openjdk-11.0.14.1_1\bin;C:\Program Files\nodejs;C:\Program Files\Git\cmd;C:\Ruby31-x64\bin;C:\Users\jheme\AppData\Local\Programs\Python\Python38-32\Scripts;C:\Users\jheme\AppData\Local\Programs\Python\Python38-32;C:\Users\jheme\AppData\Local\Microsoft\WindowsApps;C:\Users\jheme\AppData\Local\Yarn\bin;C:\Android\Sdk\platform-tools;C:\Android\Sdk\tools;C:\Program Files\heroku\bin;C:\Users\jheme\AppData\Local\Programs\Python\Python38-32\Scripts;C:\Users\jheme\AppData\roaming\Python\Python37\scripts;C:\Users\jheme\AppData\Local\Microsoft\WindowsApps;C:\Program Files\Git\usr\bin;C:\tools\Cmder;C:\Users\jheme\AppData\Local\Programs\Microsoft VS Code\bin;C:\Users\jheme\AppData\Roaming\npm;C:\curl-7.84.0_5-win64-mingw\bin;C:\Program Files\Git\usr\bin\vendor_perl;C:\Program Files\Git\usr\bin\core_perl

Yarn version: 
  1.19.1

Node version: 
  10.13.0

Platform: 
  win32 x64

Trace: 
  Error: https://registry.yarnpkg.com/-/user/org.couchdb.user:sinistroxtreme: failed to authenticate: Could not authenticate sinistroxtreme: bad password
      at Request.params.callback [as _callback] (C:\Program Files (x86)\Yarn\lib\cli.js:66035:18)
      at Request.self.callback (C:\Program Files (x86)\Yarn\lib\cli.js:140564:22)
      at Request.emit (events.js:182:13)
      at Request.<anonymous> (C:\Program Files (x86)\Yarn\lib\cli.js:141536:10)
      at Request.emit (events.js:182:13)
      at IncomingMessage.<anonymous> (C:\Program Files (x86)\Yarn\lib\cli.js:141458:12)
      at Object.onceWrapper (events.js:273:13)
      at IncomingMessage.emit (events.js:187:15)
      at endReadableNT (_stream_readable.js:1094:12)
      at process._tickCallback (internal/process/next_tick.js:63:19)

npm manifest: 
  {
    "name": "react-native-bluetooth-mv",
    "version": "1.0.5",
    "description": "'Bluetooth serial for react native'",
    "main": "index.js",
    "scripts": {
      "test": "echo \"Error: no test specified\" && exit 1"
    },
    "repository": "git+https://github.com/sinistroxtreme/react-native-bluetooth-mv.git",
    "keywords": [
      "bluetooth",
      "react-native"
    ],
    "author": "Jakub Martyčák <martycakjakub@gmail.com>",
    "license": "ISC",
    "bugs": {
      "url": "https://github.com/sinistroxtreme/react-native-bluetooth-mv/issues"
    },
    "homepage": "https://github.com/sinistroxtreme/react-native-bluetooth-mv#readme",
    "dependencies": {
      "buffer": "^4.6.0",
      "react-native-bluetooth-mv": "^1.0.3"
    },
    "peerDependencies": {
      "react-native": ">=0.40"
    }
  }

yarn manifest: 
  No manifest

Lockfile: 
  # THIS IS AN AUTOGENERATED FILE. DO NOT EDIT THIS FILE DIRECTLY.
  # yarn lockfile v1
  
  
  base64-js@^1.0.2:
    version "1.5.1"
    resolved "https://registry.yarnpkg.com/base64-js/-/base64-js-1.5.1.tgz#1b1b440160a5bf7ad40b650f095963481903930a"
    integrity sha512-AKpaYlHn8t4SVbOHCy+b5+KKgvR4vrsD8vbvrbiQJps7fKDTkjkDry6ji0rUJjC0kzbNePLwzxq8iypo41qeWA==
  
  buffer@^4.6.0:
    version "4.9.2"
    resolved "https://registry.yarnpkg.com/buffer/-/buffer-4.9.2.tgz#230ead344002988644841ab0244af8c44bbe3ef8"
    integrity sha512-xq+q3SRMOxGivLhBNaUdC64hDTQwejJ+H0T/NB1XMtTVEwNTrfFF3gAxiyW0Bu/xWEGhjVKgUcMhCrUy2+uCWg==
    dependencies:
      base64-js "^1.0.2"
      ieee754 "^1.1.4"
      isarray "^1.0.0"
  
  ieee754@^1.1.4:
    version "1.2.1"
    resolved "https://registry.yarnpkg.com/ieee754/-/ieee754-1.2.1.tgz#8eb7a10a63fff25d15a57b001586d177d1b0d352"
    integrity sha512-dcyqhDvX1C46lXZcVqCpK+FtMRQVdIMN6/Df5js2zouUsqG7I6sFxitIC+7KYK29KdXOLHdu9zL4sFnoVQnqaA==
  
  isarray@^1.0.0:
    version "1.0.0"
    resolved "https://registry.yarnpkg.com/isarray/-/isarray-1.0.0.tgz#bb935d48582cba168c06834957a54a3e07124f11"
    integrity sha512-VLghIWNM6ELQzo7zwmcg0NmTVyWKYjvIeM83yjp0wRDTmUnrM678fQbcKBo6n2CJEF0szoG//ytg+TKla89ALQ==
  
  react-native-bluetooth-mv@^1.0.3:
    version "1.0.3"
    resolved "https://registry.yarnpkg.com/react-native-bluetooth-mv/-/react-native-bluetooth-mv-1.0.3.tgz#fc43ab4dab0cc8651adf36004fb8aee48ecaa809"
    integrity sha512-X7/ofmFyJMvAxOa1lJUc5n/s8bMmwS6q/YyDq3tO6TF8QC0R0AoLfEBQ2TrJV1iRNcWPSop4qdv6If54oSTg8w==
    dependencies:
      buffer "^4.6.0"
